12/23/2020 09:26:53 PM : __main__ : PROGRAM STARTED
12/23/2020 09:26:53 PM : __main__ : Getting URL list
12/23/2020 09:30:35 PM : __main__ : PROGRAM STARTED
12/23/2020 09:30:35 PM : __main__ : Getting URL list
12/23/2020 09:31:02 PM : __main__ : Elapsed time: 0.44 minutes for function: ''get_url_list''
12/23/2020 09:31:02 PM : __main__ : URLs retrieved: 572
12/23/2020 09:31:02 PM : __main__ : Getting apartment data from url_list
12/23/2020 09:44:13 PM : __main__ : PROGRAM STARTED
12/23/2020 09:44:36 PM : __main__ : PROGRAM STARTED
12/23/2020 09:44:36 PM : __main__ : Getting URL list for Boston,MA
12/23/2020 09:44:37 PM : __main__ : Elapsed time: 0.01 minutes for function: ''get_url_list''
12/23/2020 09:44:37 PM : __main__ : URLs retrieved: 0
12/23/2020 09:44:37 PM : __main__ : Getting apartment data from url_list
12/23/2020 09:44:37 PM : __main__ : Elapsed time: 0.0 minutes for function: ''get_all_apartments''
12/23/2020 09:44:37 PM : __main__ : Apartments retrieved: 0
12/23/2020 09:44:37 PM : __main__ : Creating DataFrame from apartment list
12/23/2020 09:44:37 PM : __main__ : Formatting Dataframe
12/23/2020 09:44:37 PM : __main__ : Converting Dataframe
12/23/2020 09:44:37 PM : __main__ : Saving scraped data to csv
12/23/2020 09:44:51 PM : __main__ : PROGRAM STARTED
12/23/2020 09:44:51 PM : __main__ : Getting URL list for Boston,MA
12/23/2020 09:44:51 PM : __main__ : Elapsed time: 0.01 minutes for function: ''get_url_list''
12/23/2020 09:44:51 PM : __main__ : URLs retrieved: 0
12/23/2020 09:44:51 PM : __main__ : Getting apartment data from url_list
12/23/2020 09:44:51 PM : __main__ : Elapsed time: 0.0 minutes for function: ''get_all_apartments''
12/23/2020 09:44:51 PM : __main__ : Apartments retrieved: 0
12/23/2020 09:44:51 PM : __main__ : Creating DataFrame from apartment list
12/23/2020 09:44:51 PM : __main__ : Formatting Dataframe
12/23/2020 09:44:51 PM : __main__ : Converting Dataframe
12/23/2020 09:44:51 PM : __main__ : Saving scraped data to csv
12/23/2020 09:50:12 PM : __main__ : PROGRAM STARTED
12/23/2020 09:50:12 PM : __main__ : Getting URL list for Boston,MA
12/23/2020 09:50:12 PM : __main__ : Elapsed time: 0.01 minutes for function: ''get_url_list''
12/23/2020 09:50:12 PM : __main__ : URLs retrieved: 0
12/23/2020 09:50:12 PM : __main__ : Getting apartment data from url_list
12/23/2020 09:50:12 PM : __main__ : Elapsed time: 0.0 minutes for function: ''get_all_apartments''
12/23/2020 09:50:12 PM : __main__ : Apartments retrieved: 0
12/23/2020 09:50:12 PM : __main__ : Creating DataFrame from apartment list
12/23/2020 09:50:12 PM : __main__ : Formatting Dataframe
12/23/2020 09:50:12 PM : __main__ : Converting Dataframe
12/23/2020 09:50:12 PM : __main__ : Saving scraped data to csv
12/23/2020 09:50:12 PM : __main__ : Getting URL list for Cambridge,MA
12/23/2020 09:50:13 PM : __main__ : Elapsed time: 0.01 minutes for function: ''get_url_list''
12/23/2020 09:50:13 PM : __main__ : URLs retrieved: 0
12/23/2020 09:50:13 PM : __main__ : Getting apartment data from url_list
12/23/2020 09:50:13 PM : __main__ : Elapsed time: 0.0 minutes for function: ''get_all_apartments''
12/23/2020 09:50:13 PM : __main__ : Apartments retrieved: 0
12/23/2020 09:50:13 PM : __main__ : Creating DataFrame from apartment list
12/23/2020 09:50:13 PM : __main__ : Formatting Dataframe
12/23/2020 09:50:13 PM : __main__ : Converting Dataframe
12/23/2020 09:50:13 PM : __main__ : Saving scraped data to csv
12/23/2020 09:50:13 PM : __main__ : Getting URL list for Sommerville,MA
12/23/2020 09:50:13 PM : __main__ : Elapsed time: 0.01 minutes for function: ''get_url_list''
12/23/2020 09:50:13 PM : __main__ : URLs retrieved: 0
12/23/2020 09:50:13 PM : __main__ : Getting apartment data from url_list
12/23/2020 09:50:13 PM : __main__ : Elapsed time: 0.0 minutes for function: ''get_all_apartments''
12/23/2020 09:50:13 PM : __main__ : Apartments retrieved: 0
12/23/2020 09:50:13 PM : __main__ : Creating DataFrame from apartment list
12/23/2020 09:50:13 PM : __main__ : Formatting Dataframe
12/23/2020 09:50:13 PM : __main__ : Converting Dataframe
12/23/2020 09:50:13 PM : __main__ : Saving scraped data to csv
12/23/2020 09:50:13 PM : __main__ : Getting URL list for Brookline,MA
12/23/2020 09:50:13 PM : __main__ : Elapsed time: 0.0 minutes for function: ''get_url_list''
12/23/2020 09:50:13 PM : __main__ : URLs retrieved: 0
12/23/2020 09:50:13 PM : __main__ : Getting apartment data from url_list
12/23/2020 09:50:13 PM : __main__ : Elapsed time: 0.0 minutes for function: ''get_all_apartments''
12/23/2020 09:50:13 PM : __main__ : Apartments retrieved: 0
12/23/2020 09:50:13 PM : __main__ : Creating DataFrame from apartment list
12/23/2020 09:50:13 PM : __main__ : Formatting Dataframe
12/23/2020 09:50:13 PM : __main__ : Converting Dataframe
12/23/2020 09:50:13 PM : __main__ : Saving scraped data to csv
12/23/2020 09:50:13 PM : __main__ : Getting URL list for Allston,MA
12/23/2020 09:50:14 PM : __main__ : Elapsed time: 0.0 minutes for function: ''get_url_list''
12/23/2020 09:50:14 PM : __main__ : URLs retrieved: 0
12/23/2020 09:50:14 PM : __main__ : Getting apartment data from url_list
12/23/2020 09:50:14 PM : __main__ : Elapsed time: 0.0 minutes for function: ''get_all_apartments''
12/23/2020 09:50:14 PM : __main__ : Apartments retrieved: 0
12/23/2020 09:50:14 PM : __main__ : Creating DataFrame from apartment list
12/23/2020 09:50:14 PM : __main__ : Formatting Dataframe
12/23/2020 09:50:14 PM : __main__ : Converting Dataframe
12/23/2020 09:50:14 PM : __main__ : Saving scraped data to csv
12/23/2020 09:50:14 PM : __main__ : Getting URL list for Watertown,MA
12/23/2020 09:50:14 PM : __main__ : Elapsed time: 0.01 minutes for function: ''get_url_list''
12/23/2020 09:50:14 PM : __main__ : URLs retrieved: 0
12/23/2020 09:50:14 PM : __main__ : Getting apartment data from url_list
12/23/2020 09:50:14 PM : __main__ : Elapsed time: 0.0 minutes for function: ''get_all_apartments''
12/23/2020 09:50:14 PM : __main__ : Apartments retrieved: 0
12/23/2020 09:50:14 PM : __main__ : Creating DataFrame from apartment list
12/23/2020 09:50:14 PM : __main__ : Formatting Dataframe
12/23/2020 09:50:14 PM : __main__ : Converting Dataframe
12/23/2020 09:50:14 PM : __main__ : Saving scraped data to csv
12/23/2020 09:50:14 PM : __main__ : Getting URL list for Waltham,MA
12/23/2020 09:50:14 PM : __main__ : Elapsed time: 0.0 minutes for function: ''get_url_list''
12/23/2020 09:50:14 PM : __main__ : URLs retrieved: 0
12/23/2020 09:50:14 PM : __main__ : Getting apartment data from url_list
12/23/2020 09:50:14 PM : __main__ : Elapsed time: 0.0 minutes for function: ''get_all_apartments''
12/23/2020 09:50:14 PM : __main__ : Apartments retrieved: 0
12/23/2020 09:50:14 PM : __main__ : Creating DataFrame from apartment list
12/23/2020 09:50:14 PM : __main__ : Formatting Dataframe
12/23/2020 09:50:14 PM : __main__ : Converting Dataframe
12/23/2020 09:50:14 PM : __main__ : Saving scraped data to csv
12/23/2020 09:50:14 PM : __main__ : Getting URL list for Newton,MA
12/23/2020 09:50:15 PM : __main__ : Elapsed time: 0.0 minutes for function: ''get_url_list''
12/23/2020 09:50:15 PM : __main__ : URLs retrieved: 0
12/23/2020 09:50:15 PM : __main__ : Getting apartment data from url_list
12/23/2020 09:50:15 PM : __main__ : Elapsed time: 0.0 minutes for function: ''get_all_apartments''
12/23/2020 09:50:15 PM : __main__ : Apartments retrieved: 0
12/23/2020 09:50:15 PM : __main__ : Creating DataFrame from apartment list
12/23/2020 09:50:15 PM : __main__ : Formatting Dataframe
12/23/2020 09:50:15 PM : __main__ : Converting Dataframe
12/23/2020 09:50:15 PM : __main__ : Saving scraped data to csv
12/23/2020 09:50:15 PM : __main__ : Getting URL list for Medford,MA
12/23/2020 09:50:15 PM : __main__ : Elapsed time: 0.0 minutes for function: ''get_url_list''
12/23/2020 09:50:15 PM : __main__ : URLs retrieved: 0
12/23/2020 09:50:15 PM : __main__ : Getting apartment data from url_list
12/23/2020 09:50:15 PM : __main__ : Elapsed time: 0.0 minutes for function: ''get_all_apartments''
12/23/2020 09:50:15 PM : __main__ : Apartments retrieved: 0
12/23/2020 09:50:15 PM : __main__ : Creating DataFrame from apartment list
12/23/2020 09:50:15 PM : __main__ : Formatting Dataframe
12/23/2020 09:50:15 PM : __main__ : Converting Dataframe
12/23/2020 09:50:15 PM : __main__ : Saving scraped data to csv
12/23/2020 09:50:15 PM : __main__ : Getting URL list for Belmont,MA
12/23/2020 09:50:15 PM : __main__ : Elapsed time: 0.0 minutes for function: ''get_url_list''
12/23/2020 09:50:15 PM : __main__ : URLs retrieved: 0
12/23/2020 09:50:15 PM : __main__ : Getting apartment data from url_list
12/23/2020 09:50:15 PM : __main__ : Elapsed time: 0.0 minutes for function: ''get_all_apartments''
12/23/2020 09:50:15 PM : __main__ : Apartments retrieved: 0
12/23/2020 09:50:15 PM : __main__ : Creating DataFrame from apartment list
12/23/2020 09:50:15 PM : __main__ : Formatting Dataframe
12/23/2020 09:50:15 PM : __main__ : Converting Dataframe
12/23/2020 09:50:15 PM : __main__ : Saving scraped data to csv
12/23/2020 09:50:15 PM : __main__ : Getting URL list for Arlington,MA
12/23/2020 09:50:16 PM : __main__ : Elapsed time: 0.0 minutes for function: ''get_url_list''
12/23/2020 09:50:16 PM : __main__ : URLs retrieved: 0
12/23/2020 09:50:16 PM : __main__ : Getting apartment data from url_list
12/23/2020 09:50:16 PM : __main__ : Elapsed time: 0.0 minutes for function: ''get_all_apartments''
12/23/2020 09:50:16 PM : __main__ : Apartments retrieved: 0
12/23/2020 09:50:16 PM : __main__ : Creating DataFrame from apartment list
12/23/2020 09:50:16 PM : __main__ : Formatting Dataframe
12/23/2020 09:50:16 PM : __main__ : Converting Dataframe
12/23/2020 09:50:16 PM : __main__ : Saving scraped data to csv
12/23/2020 09:50:16 PM : __main__ : Getting URL list for Malden,MA
12/23/2020 09:50:16 PM : __main__ : Elapsed time: 0.0 minutes for function: ''get_url_list''
12/23/2020 09:50:16 PM : __main__ : URLs retrieved: 0
12/23/2020 09:50:16 PM : __main__ : Getting apartment data from url_list
12/23/2020 09:50:16 PM : __main__ : Elapsed time: 0.0 minutes for function: ''get_all_apartments''
12/23/2020 09:50:16 PM : __main__ : Apartments retrieved: 0
12/23/2020 09:50:16 PM : __main__ : Creating DataFrame from apartment list
12/23/2020 09:50:16 PM : __main__ : Formatting Dataframe
12/23/2020 09:50:16 PM : __main__ : Converting Dataframe
12/23/2020 09:50:16 PM : __main__ : Saving scraped data to csv
12/23/2020 09:50:16 PM : __main__ : Getting URL list for Everett,MA
12/23/2020 09:50:16 PM : __main__ : Elapsed time: 0.0 minutes for function: ''get_url_list''
12/23/2020 09:50:16 PM : __main__ : URLs retrieved: 0
12/23/2020 09:50:16 PM : __main__ : Getting apartment data from url_list
12/23/2020 09:50:16 PM : __main__ : Elapsed time: 0.0 minutes for function: ''get_all_apartments''
12/23/2020 09:50:16 PM : __main__ : Apartments retrieved: 0
12/23/2020 09:50:16 PM : __main__ : Creating DataFrame from apartment list
12/23/2020 09:50:16 PM : __main__ : Formatting Dataframe
12/23/2020 09:50:16 PM : __main__ : Converting Dataframe
12/23/2020 09:50:16 PM : __main__ : Saving scraped data to csv
12/23/2020 09:50:16 PM : __main__ : PROGRAM FINISHED
12/23/2020 09:50:16 PM : __main__ : Elapsed time: 0.07 minutes for function: ''main''
12/23/2020 09:51:32 PM : __main__ : PROGRAM STARTED
12/23/2020 09:51:32 PM : __main__ : Getting URL list for Boston,MA
12/23/2020 09:51:32 PM : __main__ : Elapsed time: 0.01 minutes for function: ''get_url_list''
12/23/2020 09:51:32 PM : __main__ : URLs retrieved: 0
12/23/2020 09:51:32 PM : __main__ : Getting apartment data from url_list
12/23/2020 09:51:32 PM : __main__ : Elapsed time: 0.0 minutes for function: ''get_all_apartments''
12/23/2020 09:51:32 PM : __main__ : Apartments retrieved: 0
12/23/2020 09:51:32 PM : __main__ : Creating DataFrame from apartment list
12/23/2020 09:51:32 PM : __main__ : Formatting Dataframe
12/23/2020 09:51:32 PM : __main__ : Converting Dataframe
12/23/2020 09:51:32 PM : __main__ : Saving scraped data to csv
12/23/2020 09:51:32 PM : __main__ : Getting URL list for Cambridge,MA
12/23/2020 09:51:32 PM : __main__ : Elapsed time: 0.0 minutes for function: ''get_url_list''
12/23/2020 09:51:32 PM : __main__ : URLs retrieved: 0
12/23/2020 09:51:32 PM : __main__ : Getting apartment data from url_list
12/23/2020 09:51:32 PM : __main__ : Elapsed time: 0.0 minutes for function: ''get_all_apartments''
12/23/2020 09:51:32 PM : __main__ : Apartments retrieved: 0
12/23/2020 09:51:32 PM : __main__ : Creating DataFrame from apartment list
12/23/2020 09:51:32 PM : __main__ : Formatting Dataframe
12/23/2020 09:51:32 PM : __main__ : Converting Dataframe
12/23/2020 09:51:32 PM : __main__ : Saving scraped data to csv
12/23/2020 09:51:32 PM : __main__ : Getting URL list for Sommerville,MA
12/23/2020 09:51:33 PM : __main__ : Elapsed time: 0.01 minutes for function: ''get_url_list''
12/23/2020 09:51:33 PM : __main__ : URLs retrieved: 0
12/23/2020 09:51:33 PM : __main__ : Getting apartment data from url_list
12/23/2020 09:51:33 PM : __main__ : Elapsed time: 0.0 minutes for function: ''get_all_apartments''
12/23/2020 09:51:33 PM : __main__ : Apartments retrieved: 0
12/23/2020 09:51:33 PM : __main__ : Creating DataFrame from apartment list
12/23/2020 09:51:33 PM : __main__ : Formatting Dataframe
12/23/2020 09:51:33 PM : __main__ : Converting Dataframe
12/23/2020 09:51:33 PM : __main__ : Saving scraped data to csv
12/23/2020 09:51:33 PM : __main__ : Getting URL list for Brookline,MA
12/23/2020 09:51:33 PM : __main__ : Elapsed time: 0.0 minutes for function: ''get_url_list''
12/23/2020 09:51:33 PM : __main__ : URLs retrieved: 0
12/23/2020 09:51:33 PM : __main__ : Getting apartment data from url_list
12/23/2020 09:51:33 PM : __main__ : Elapsed time: 0.0 minutes for function: ''get_all_apartments''
12/23/2020 09:51:33 PM : __main__ : Apartments retrieved: 0
12/23/2020 09:51:33 PM : __main__ : Creating DataFrame from apartment list
12/23/2020 09:51:33 PM : __main__ : Formatting Dataframe
12/23/2020 09:51:33 PM : __main__ : Converting Dataframe
12/23/2020 09:51:33 PM : __main__ : Saving scraped data to csv
12/23/2020 09:51:33 PM : __main__ : Getting URL list for Allston,MA
12/23/2020 09:51:33 PM : __main__ : Elapsed time: 0.01 minutes for function: ''get_url_list''
12/23/2020 09:51:33 PM : __main__ : URLs retrieved: 0
12/23/2020 09:51:33 PM : __main__ : Getting apartment data from url_list
12/23/2020 09:51:33 PM : __main__ : Elapsed time: 0.0 minutes for function: ''get_all_apartments''
12/23/2020 09:51:33 PM : __main__ : Apartments retrieved: 0
12/23/2020 09:51:33 PM : __main__ : Creating DataFrame from apartment list
12/23/2020 09:51:33 PM : __main__ : Formatting Dataframe
12/23/2020 09:51:33 PM : __main__ : Converting Dataframe
12/23/2020 09:51:33 PM : __main__ : Saving scraped data to csv
12/23/2020 09:51:33 PM : __main__ : Getting URL list for Watertown,MA
12/23/2020 09:51:34 PM : __main__ : Elapsed time: 0.01 minutes for function: ''get_url_list''
12/23/2020 09:51:34 PM : __main__ : URLs retrieved: 0
12/23/2020 09:51:34 PM : __main__ : Getting apartment data from url_list
12/23/2020 09:51:34 PM : __main__ : Elapsed time: 0.0 minutes for function: ''get_all_apartments''
12/23/2020 09:51:34 PM : __main__ : Apartments retrieved: 0
12/23/2020 09:51:34 PM : __main__ : Creating DataFrame from apartment list
12/23/2020 09:51:34 PM : __main__ : Formatting Dataframe
12/23/2020 09:51:34 PM : __main__ : Converting Dataframe
12/23/2020 09:51:34 PM : __main__ : Saving scraped data to csv
12/23/2020 09:51:34 PM : __main__ : Getting URL list for Waltham,MA
12/23/2020 09:51:34 PM : __main__ : Elapsed time: 0.01 minutes for function: ''get_url_list''
12/23/2020 09:51:34 PM : __main__ : URLs retrieved: 0
12/23/2020 09:51:34 PM : __main__ : Getting apartment data from url_list
12/23/2020 09:51:34 PM : __main__ : Elapsed time: 0.0 minutes for function: ''get_all_apartments''
12/23/2020 09:51:34 PM : __main__ : Apartments retrieved: 0
12/23/2020 09:51:34 PM : __main__ : Creating DataFrame from apartment list
12/23/2020 09:51:34 PM : __main__ : Formatting Dataframe
12/23/2020 09:51:34 PM : __main__ : Converting Dataframe
12/23/2020 09:51:34 PM : __main__ : Saving scraped data to csv
12/23/2020 09:51:34 PM : __main__ : Getting URL list for Newton,MA
12/23/2020 09:51:34 PM : __main__ : Elapsed time: 0.0 minutes for function: ''get_url_list''
12/23/2020 09:51:34 PM : __main__ : URLs retrieved: 0
12/23/2020 09:51:34 PM : __main__ : Getting apartment data from url_list
12/23/2020 09:51:34 PM : __main__ : Elapsed time: 0.0 minutes for function: ''get_all_apartments''
12/23/2020 09:51:34 PM : __main__ : Apartments retrieved: 0
12/23/2020 09:51:34 PM : __main__ : Creating DataFrame from apartment list
12/23/2020 09:51:34 PM : __main__ : Formatting Dataframe
12/23/2020 09:51:34 PM : __main__ : Converting Dataframe
12/23/2020 09:51:34 PM : __main__ : Saving scraped data to csv
12/23/2020 09:51:34 PM : __main__ : Getting URL list for Medford,MA
12/23/2020 09:51:35 PM : __main__ : Elapsed time: 0.01 minutes for function: ''get_url_list''
12/23/2020 09:51:35 PM : __main__ : URLs retrieved: 0
12/23/2020 09:51:35 PM : __main__ : Getting apartment data from url_list
12/23/2020 09:51:35 PM : __main__ : Elapsed time: 0.0 minutes for function: ''get_all_apartments''
12/23/2020 09:51:35 PM : __main__ : Apartments retrieved: 0
12/23/2020 09:51:35 PM : __main__ : Creating DataFrame from apartment list
12/23/2020 09:51:35 PM : __main__ : Formatting Dataframe
12/23/2020 09:51:35 PM : __main__ : Converting Dataframe
12/23/2020 09:51:35 PM : __main__ : Saving scraped data to csv
12/23/2020 09:51:35 PM : __main__ : Getting URL list for Belmont,MA
12/23/2020 09:51:35 PM : __main__ : Elapsed time: 0.01 minutes for function: ''get_url_list''
12/23/2020 09:51:35 PM : __main__ : URLs retrieved: 0
12/23/2020 09:51:35 PM : __main__ : Getting apartment data from url_list
12/23/2020 09:51:35 PM : __main__ : Elapsed time: 0.0 minutes for function: ''get_all_apartments''
12/23/2020 09:51:35 PM : __main__ : Apartments retrieved: 0
12/23/2020 09:51:35 PM : __main__ : Creating DataFrame from apartment list
12/23/2020 09:51:35 PM : __main__ : Formatting Dataframe
12/23/2020 09:51:35 PM : __main__ : Converting Dataframe
12/23/2020 09:51:35 PM : __main__ : Saving scraped data to csv
12/23/2020 09:51:35 PM : __main__ : Getting URL list for Arlington,MA
12/23/2020 09:51:35 PM : __main__ : Elapsed time: 0.0 minutes for function: ''get_url_list''
12/23/2020 09:51:35 PM : __main__ : URLs retrieved: 0
12/23/2020 09:51:35 PM : __main__ : Getting apartment data from url_list
12/23/2020 09:51:35 PM : __main__ : Elapsed time: 0.0 minutes for function: ''get_all_apartments''
12/23/2020 09:51:35 PM : __main__ : Apartments retrieved: 0
12/23/2020 09:51:35 PM : __main__ : Creating DataFrame from apartment list
12/23/2020 09:51:35 PM : __main__ : Formatting Dataframe
12/23/2020 09:51:35 PM : __main__ : Converting Dataframe
12/23/2020 09:51:35 PM : __main__ : Saving scraped data to csv
12/23/2020 09:51:35 PM : __main__ : Getting URL list for Malden,MA
12/23/2020 09:51:36 PM : __main__ : Elapsed time: 0.0 minutes for function: ''get_url_list''
12/23/2020 09:51:36 PM : __main__ : URLs retrieved: 0
12/23/2020 09:51:36 PM : __main__ : Getting apartment data from url_list
12/23/2020 09:51:36 PM : __main__ : Elapsed time: 0.0 minutes for function: ''get_all_apartments''
12/23/2020 09:51:36 PM : __main__ : Apartments retrieved: 0
12/23/2020 09:51:36 PM : __main__ : Creating DataFrame from apartment list
12/23/2020 09:51:36 PM : __main__ : Formatting Dataframe
12/23/2020 09:51:36 PM : __main__ : Converting Dataframe
12/23/2020 09:51:36 PM : __main__ : Saving scraped data to csv
12/23/2020 09:51:36 PM : __main__ : Getting URL list for Everett,MA
12/23/2020 09:51:36 PM : __main__ : Elapsed time: 0.0 minutes for function: ''get_url_list''
12/23/2020 09:51:36 PM : __main__ : URLs retrieved: 0
12/23/2020 09:51:36 PM : __main__ : Getting apartment data from url_list
12/23/2020 09:51:36 PM : __main__ : Elapsed time: 0.0 minutes for function: ''get_all_apartments''
12/23/2020 09:51:36 PM : __main__ : Apartments retrieved: 0
12/23/2020 09:51:36 PM : __main__ : Creating DataFrame from apartment list
12/23/2020 09:51:36 PM : __main__ : Formatting Dataframe
12/23/2020 09:51:36 PM : __main__ : Converting Dataframe
12/23/2020 09:51:36 PM : __main__ : Saving scraped data to csv
12/23/2020 09:51:36 PM : __main__ : PROGRAM FINISHED
12/23/2020 09:51:36 PM : __main__ : Elapsed time: 0.08 minutes for function: ''main''
12/23/2020 10:01:33 PM : __main__ : PROGRAM STARTED
12/23/2020 10:01:33 PM : __main__ : Getting URL list for Boston,MA
12/23/2020 10:01:34 PM : __main__ : Elapsed time: 0.01 minutes for function: ''get_url_list''
12/23/2020 10:01:34 PM : __main__ : URLs retrieved: 0
12/23/2020 10:01:34 PM : __main__ : Getting apartment data from url_list
12/23/2020 10:01:34 PM : __main__ : Elapsed time: 0.0 minutes for function: ''get_all_apartments''
12/23/2020 10:01:34 PM : __main__ : Apartments retrieved: 0
12/23/2020 10:01:34 PM : __main__ : Creating DataFrame from apartment list
12/23/2020 10:01:34 PM : __main__ : Formatting Dataframe
12/23/2020 10:01:34 PM : __main__ : Converting Dataframe
12/23/2020 10:01:34 PM : __main__ : Saving scraped data to csv
12/23/2020 10:01:34 PM : __main__ : Getting URL list for Cambridge,MA
12/23/2020 10:01:34 PM : __main__ : Elapsed time: 0.0 minutes for function: ''get_url_list''
12/23/2020 10:01:34 PM : __main__ : URLs retrieved: 0
12/23/2020 10:01:34 PM : __main__ : Getting apartment data from url_list
12/23/2020 10:01:34 PM : __main__ : Elapsed time: 0.0 minutes for function: ''get_all_apartments''
12/23/2020 10:01:34 PM : __main__ : Apartments retrieved: 0
12/23/2020 10:01:34 PM : __main__ : Creating DataFrame from apartment list
12/23/2020 10:01:34 PM : __main__ : Formatting Dataframe
12/23/2020 10:01:34 PM : __main__ : Converting Dataframe
12/23/2020 10:01:34 PM : __main__ : Saving scraped data to csv
12/23/2020 10:01:34 PM : __main__ : Getting URL list for Sommerville,MA
12/23/2020 10:01:34 PM : __main__ : Elapsed time: 0.0 minutes for function: ''get_url_list''
12/23/2020 10:01:34 PM : __main__ : URLs retrieved: 0
12/23/2020 10:01:34 PM : __main__ : Getting apartment data from url_list
12/23/2020 10:01:34 PM : __main__ : Elapsed time: 0.0 minutes for function: ''get_all_apartments''
12/23/2020 10:01:34 PM : __main__ : Apartments retrieved: 0
12/23/2020 10:01:34 PM : __main__ : Creating DataFrame from apartment list
12/23/2020 10:01:34 PM : __main__ : Formatting Dataframe
12/23/2020 10:01:34 PM : __main__ : Converting Dataframe
12/23/2020 10:01:34 PM : __main__ : Saving scraped data to csv
12/23/2020 10:01:34 PM : __main__ : Getting URL list for Brookline,MA
12/23/2020 10:01:35 PM : __main__ : Elapsed time: 0.01 minutes for function: ''get_url_list''
12/23/2020 10:01:35 PM : __main__ : URLs retrieved: 0
12/23/2020 10:01:35 PM : __main__ : Getting apartment data from url_list
12/23/2020 10:01:35 PM : __main__ : Elapsed time: 0.0 minutes for function: ''get_all_apartments''
12/23/2020 10:01:35 PM : __main__ : Apartments retrieved: 0
12/23/2020 10:01:35 PM : __main__ : Creating DataFrame from apartment list
12/23/2020 10:01:35 PM : __main__ : Formatting Dataframe
12/23/2020 10:01:35 PM : __main__ : Converting Dataframe
12/23/2020 10:01:35 PM : __main__ : Saving scraped data to csv
12/23/2020 10:01:35 PM : __main__ : Getting URL list for Allston,MA
12/23/2020 10:01:35 PM : __main__ : Elapsed time: 0.0 minutes for function: ''get_url_list''
12/23/2020 10:01:35 PM : __main__ : URLs retrieved: 0
12/23/2020 10:01:35 PM : __main__ : Getting apartment data from url_list
12/23/2020 10:01:35 PM : __main__ : Elapsed time: 0.0 minutes for function: ''get_all_apartments''
12/23/2020 10:01:35 PM : __main__ : Apartments retrieved: 0
12/23/2020 10:01:35 PM : __main__ : Creating DataFrame from apartment list
12/23/2020 10:01:35 PM : __main__ : Formatting Dataframe
12/23/2020 10:01:35 PM : __main__ : Converting Dataframe
12/23/2020 10:01:35 PM : __main__ : Saving scraped data to csv
12/23/2020 10:01:35 PM : __main__ : Getting URL list for Watertown,MA
12/23/2020 10:01:35 PM : __main__ : Elapsed time: 0.01 minutes for function: ''get_url_list''
12/23/2020 10:01:35 PM : __main__ : URLs retrieved: 0
12/23/2020 10:01:35 PM : __main__ : Getting apartment data from url_list
12/23/2020 10:01:35 PM : __main__ : Elapsed time: 0.0 minutes for function: ''get_all_apartments''
12/23/2020 10:01:35 PM : __main__ : Apartments retrieved: 0
12/23/2020 10:01:35 PM : __main__ : Creating DataFrame from apartment list
12/23/2020 10:01:35 PM : __main__ : Formatting Dataframe
12/23/2020 10:01:35 PM : __main__ : Converting Dataframe
12/23/2020 10:01:35 PM : __main__ : Saving scraped data to csv
12/23/2020 10:01:35 PM : __main__ : Getting URL list for Waltham,MA
12/23/2020 10:01:36 PM : __main__ : Elapsed time: 0.0 minutes for function: ''get_url_list''
12/23/2020 10:01:36 PM : __main__ : URLs retrieved: 0
12/23/2020 10:01:36 PM : __main__ : Getting apartment data from url_list
12/23/2020 10:01:36 PM : __main__ : Elapsed time: 0.0 minutes for function: ''get_all_apartments''
12/23/2020 10:01:36 PM : __main__ : Apartments retrieved: 0
12/23/2020 10:01:36 PM : __main__ : Creating DataFrame from apartment list
12/23/2020 10:01:36 PM : __main__ : Formatting Dataframe
12/23/2020 10:01:36 PM : __main__ : Converting Dataframe
12/23/2020 10:01:36 PM : __main__ : Saving scraped data to csv
12/23/2020 10:01:36 PM : __main__ : Getting URL list for Newton,MA
12/23/2020 10:01:36 PM : __main__ : Elapsed time: 0.01 minutes for function: ''get_url_list''
12/23/2020 10:01:36 PM : __main__ : URLs retrieved: 0
12/23/2020 10:01:36 PM : __main__ : Getting apartment data from url_list
12/23/2020 10:01:36 PM : __main__ : Elapsed time: 0.0 minutes for function: ''get_all_apartments''
12/23/2020 10:01:36 PM : __main__ : Apartments retrieved: 0
12/23/2020 10:01:36 PM : __main__ : Creating DataFrame from apartment list
12/23/2020 10:01:36 PM : __main__ : Formatting Dataframe
12/23/2020 10:01:36 PM : __main__ : Converting Dataframe
12/23/2020 10:01:36 PM : __main__ : Saving scraped data to csv
12/23/2020 10:01:36 PM : __main__ : Getting URL list for Medford,MA
12/23/2020 10:01:36 PM : __main__ : Elapsed time: 0.01 minutes for function: ''get_url_list''
12/23/2020 10:01:36 PM : __main__ : URLs retrieved: 0
12/23/2020 10:01:36 PM : __main__ : Getting apartment data from url_list
12/23/2020 10:01:36 PM : __main__ : Elapsed time: 0.0 minutes for function: ''get_all_apartments''
12/23/2020 10:01:36 PM : __main__ : Apartments retrieved: 0
12/23/2020 10:01:36 PM : __main__ : Creating DataFrame from apartment list
12/23/2020 10:01:36 PM : __main__ : Formatting Dataframe
12/23/2020 10:01:36 PM : __main__ : Converting Dataframe
12/23/2020 10:01:36 PM : __main__ : Saving scraped data to csv
12/23/2020 10:01:36 PM : __main__ : Getting URL list for Belmont,MA
12/23/2020 10:01:37 PM : __main__ : Elapsed time: 0.0 minutes for function: ''get_url_list''
12/23/2020 10:01:37 PM : __main__ : URLs retrieved: 0
12/23/2020 10:01:37 PM : __main__ : Getting apartment data from url_list
12/23/2020 10:01:37 PM : __main__ : Elapsed time: 0.0 minutes for function: ''get_all_apartments''
12/23/2020 10:01:37 PM : __main__ : Apartments retrieved: 0
12/23/2020 10:01:37 PM : __main__ : Creating DataFrame from apartment list
12/23/2020 10:01:37 PM : __main__ : Formatting Dataframe
12/23/2020 10:01:37 PM : __main__ : Converting Dataframe
12/23/2020 10:01:37 PM : __main__ : Saving scraped data to csv
12/23/2020 10:01:37 PM : __main__ : Getting URL list for Arlington,MA
12/23/2020 10:01:37 PM : __main__ : Elapsed time: 0.01 minutes for function: ''get_url_list''
12/23/2020 10:01:37 PM : __main__ : URLs retrieved: 0
12/23/2020 10:01:37 PM : __main__ : Getting apartment data from url_list
12/23/2020 10:01:37 PM : __main__ : Elapsed time: 0.0 minutes for function: ''get_all_apartments''
12/23/2020 10:01:37 PM : __main__ : Apartments retrieved: 0
12/23/2020 10:01:37 PM : __main__ : Creating DataFrame from apartment list
12/23/2020 10:01:37 PM : __main__ : Formatting Dataframe
12/23/2020 10:01:37 PM : __main__ : Converting Dataframe
12/23/2020 10:01:37 PM : __main__ : Saving scraped data to csv
12/23/2020 10:01:37 PM : __main__ : Getting URL list for Malden,MA
12/23/2020 10:01:37 PM : __main__ : Elapsed time: 0.01 minutes for function: ''get_url_list''
12/23/2020 10:01:37 PM : __main__ : URLs retrieved: 0
12/23/2020 10:01:37 PM : __main__ : Getting apartment data from url_list
12/23/2020 10:01:37 PM : __main__ : Elapsed time: 0.0 minutes for function: ''get_all_apartments''
12/23/2020 10:01:37 PM : __main__ : Apartments retrieved: 0
12/23/2020 10:01:37 PM : __main__ : Creating DataFrame from apartment list
12/23/2020 10:01:37 PM : __main__ : Formatting Dataframe
12/23/2020 10:01:37 PM : __main__ : Converting Dataframe
12/23/2020 10:01:37 PM : __main__ : Saving scraped data to csv
12/23/2020 10:01:37 PM : __main__ : Getting URL list for Everett,MA
12/23/2020 10:01:38 PM : __main__ : Elapsed time: 0.01 minutes for function: ''get_url_list''
12/23/2020 10:01:38 PM : __main__ : URLs retrieved: 0
12/23/2020 10:01:38 PM : __main__ : Getting apartment data from url_list
12/23/2020 10:01:38 PM : __main__ : Elapsed time: 0.0 minutes for function: ''get_all_apartments''
12/23/2020 10:01:38 PM : __main__ : Apartments retrieved: 0
12/23/2020 10:01:38 PM : __main__ : Creating DataFrame from apartment list
12/23/2020 10:01:38 PM : __main__ : Formatting Dataframe
12/23/2020 10:01:38 PM : __main__ : Converting Dataframe
12/23/2020 10:01:38 PM : __main__ : Saving scraped data to csv
12/23/2020 10:01:38 PM : __main__ : PROGRAM FINISHED
12/23/2020 10:01:38 PM : __main__ : Elapsed time: 0.08 minutes for function: ''main''
12/23/2020 10:04:40 PM : __main__ : PROGRAM STARTED
12/23/2020 10:04:40 PM : __main__ : Getting URL list for Boston,MA
12/23/2020 10:04:40 PM : __main__ : Elapsed time: 0.01 minutes for function: ''get_url_list''
12/23/2020 10:04:40 PM : __main__ : URLs retrieved: 0
12/23/2020 10:04:40 PM : __main__ : Getting apartment data from url_list
12/23/2020 10:04:40 PM : __main__ : Elapsed time: 0.0 minutes for function: ''get_all_apartments''
12/23/2020 10:04:40 PM : __main__ : Apartments retrieved: 0
12/23/2020 10:04:40 PM : __main__ : Creating DataFrame from apartment list
12/23/2020 10:04:40 PM : __main__ : Formatting Dataframe
12/23/2020 10:04:40 PM : __main__ : Converting Dataframe
12/23/2020 10:04:40 PM : __main__ : Saving scraped data to csv
12/23/2020 10:04:40 PM : __main__ : Getting URL list for Cambridge,MA
12/23/2020 10:04:41 PM : __main__ : Elapsed time: 0.0 minutes for function: ''get_url_list''
12/23/2020 10:04:41 PM : __main__ : URLs retrieved: 0
12/23/2020 10:04:41 PM : __main__ : Getting apartment data from url_list
12/23/2020 10:04:41 PM : __main__ : Elapsed time: 0.0 minutes for function: ''get_all_apartments''
12/23/2020 10:04:41 PM : __main__ : Apartments retrieved: 0
12/23/2020 10:04:41 PM : __main__ : Creating DataFrame from apartment list
12/23/2020 10:04:41 PM : __main__ : Formatting Dataframe
12/23/2020 10:04:41 PM : __main__ : Converting Dataframe
12/23/2020 10:04:41 PM : __main__ : Saving scraped data to csv
12/23/2020 10:04:41 PM : __main__ : Getting URL list for Sommerville,MA
12/23/2020 10:04:41 PM : __main__ : Elapsed time: 0.0 minutes for function: ''get_url_list''
12/23/2020 10:04:41 PM : __main__ : URLs retrieved: 0
12/23/2020 10:04:41 PM : __main__ : Getting apartment data from url_list
12/23/2020 10:04:41 PM : __main__ : Elapsed time: 0.0 minutes for function: ''get_all_apartments''
12/23/2020 10:04:41 PM : __main__ : Apartments retrieved: 0
12/23/2020 10:04:41 PM : __main__ : Creating DataFrame from apartment list
12/23/2020 10:04:41 PM : __main__ : Formatting Dataframe
12/23/2020 10:04:41 PM : __main__ : Converting Dataframe
12/23/2020 10:04:41 PM : __main__ : Saving scraped data to csv
12/23/2020 10:04:41 PM : __main__ : Getting URL list for Brookline,MA
12/23/2020 10:04:41 PM : __main__ : Elapsed time: 0.01 minutes for function: ''get_url_list''
12/23/2020 10:04:41 PM : __main__ : URLs retrieved: 0
12/23/2020 10:04:41 PM : __main__ : Getting apartment data from url_list
12/23/2020 10:04:41 PM : __main__ : Elapsed time: 0.0 minutes for function: ''get_all_apartments''
12/23/2020 10:04:41 PM : __main__ : Apartments retrieved: 0
12/23/2020 10:04:41 PM : __main__ : Creating DataFrame from apartment list
12/23/2020 10:04:41 PM : __main__ : Formatting Dataframe
12/23/2020 10:04:41 PM : __main__ : Converting Dataframe
12/23/2020 10:04:41 PM : __main__ : Saving scraped data to csv
12/23/2020 10:04:41 PM : __main__ : Getting URL list for Allston,MA
12/23/2020 10:04:42 PM : __main__ : Elapsed time: 0.0 minutes for function: ''get_url_list''
12/23/2020 10:04:42 PM : __main__ : URLs retrieved: 0
12/23/2020 10:04:42 PM : __main__ : Getting apartment data from url_list
12/23/2020 10:04:42 PM : __main__ : Elapsed time: 0.0 minutes for function: ''get_all_apartments''
12/23/2020 10:04:42 PM : __main__ : Apartments retrieved: 0
12/23/2020 10:04:42 PM : __main__ : Creating DataFrame from apartment list
12/23/2020 10:04:42 PM : __main__ : Formatting Dataframe
12/23/2020 10:04:42 PM : __main__ : Converting Dataframe
12/23/2020 10:04:42 PM : __main__ : Saving scraped data to csv
12/23/2020 10:04:42 PM : __main__ : Getting URL list for Watertown,MA
12/23/2020 10:04:42 PM : __main__ : Elapsed time: 0.0 minutes for function: ''get_url_list''
12/23/2020 10:04:42 PM : __main__ : URLs retrieved: 0
12/23/2020 10:04:42 PM : __main__ : Getting apartment data from url_list
12/23/2020 10:04:42 PM : __main__ : Elapsed time: 0.0 minutes for function: ''get_all_apartments''
12/23/2020 10:04:42 PM : __main__ : Apartments retrieved: 0
12/23/2020 10:04:42 PM : __main__ : Creating DataFrame from apartment list
12/23/2020 10:04:42 PM : __main__ : Formatting Dataframe
12/23/2020 10:04:42 PM : __main__ : Converting Dataframe
12/23/2020 10:04:42 PM : __main__ : Saving scraped data to csv
12/23/2020 10:04:42 PM : __main__ : Getting URL list for Waltham,MA
12/23/2020 10:04:43 PM : __main__ : Elapsed time: 0.02 minutes for function: ''get_url_list''
12/23/2020 10:04:43 PM : __main__ : URLs retrieved: 0
12/23/2020 10:04:43 PM : __main__ : Getting apartment data from url_list
12/23/2020 10:04:43 PM : __main__ : Elapsed time: 0.0 minutes for function: ''get_all_apartments''
12/23/2020 10:04:43 PM : __main__ : Apartments retrieved: 0
12/23/2020 10:04:43 PM : __main__ : Creating DataFrame from apartment list
12/23/2020 10:04:43 PM : __main__ : Formatting Dataframe
12/23/2020 10:04:43 PM : __main__ : Converting Dataframe
12/23/2020 10:04:43 PM : __main__ : Saving scraped data to csv
12/23/2020 10:04:43 PM : __main__ : Getting URL list for Newton,MA
12/23/2020 10:04:44 PM : __main__ : Elapsed time: 0.01 minutes for function: ''get_url_list''
12/23/2020 10:04:44 PM : __main__ : URLs retrieved: 0
12/23/2020 10:04:44 PM : __main__ : Getting apartment data from url_list
12/23/2020 10:04:44 PM : __main__ : Elapsed time: 0.0 minutes for function: ''get_all_apartments''
12/23/2020 10:04:44 PM : __main__ : Apartments retrieved: 0
12/23/2020 10:04:44 PM : __main__ : Creating DataFrame from apartment list
12/23/2020 10:04:44 PM : __main__ : Formatting Dataframe
12/23/2020 10:04:44 PM : __main__ : Converting Dataframe
12/23/2020 10:04:44 PM : __main__ : Saving scraped data to csv
12/23/2020 10:04:44 PM : __main__ : Getting URL list for Medford,MA
12/23/2020 10:04:45 PM : __main__ : Elapsed time: 0.02 minutes for function: ''get_url_list''
12/23/2020 10:04:45 PM : __main__ : URLs retrieved: 0
12/23/2020 10:04:45 PM : __main__ : Getting apartment data from url_list
12/23/2020 10:04:45 PM : __main__ : Elapsed time: 0.0 minutes for function: ''get_all_apartments''
12/23/2020 10:04:45 PM : __main__ : Apartments retrieved: 0
12/23/2020 10:04:45 PM : __main__ : Creating DataFrame from apartment list
12/23/2020 10:04:45 PM : __main__ : Formatting Dataframe
12/23/2020 10:04:45 PM : __main__ : Converting Dataframe
12/23/2020 10:04:45 PM : __main__ : Saving scraped data to csv
12/23/2020 10:04:45 PM : __main__ : Getting URL list for Belmont,MA
12/23/2020 10:04:49 PM : __main__ : Elapsed time: 0.07 minutes for function: ''get_url_list''
12/23/2020 10:04:49 PM : __main__ : URLs retrieved: 0
12/23/2020 10:04:49 PM : __main__ : Getting apartment data from url_list
12/23/2020 10:04:49 PM : __main__ : Elapsed time: 0.0 minutes for function: ''get_all_apartments''
12/23/2020 10:04:49 PM : __main__ : Apartments retrieved: 0
12/23/2020 10:04:49 PM : __main__ : Creating DataFrame from apartment list
12/23/2020 10:04:49 PM : __main__ : Formatting Dataframe
12/23/2020 10:04:49 PM : __main__ : Converting Dataframe
12/23/2020 10:04:49 PM : __main__ : Saving scraped data to csv
12/23/2020 10:04:49 PM : __main__ : Getting URL list for Arlington,MA
12/23/2020 10:04:49 PM : __main__ : Elapsed time: 0.01 minutes for function: ''get_url_list''
12/23/2020 10:04:49 PM : __main__ : URLs retrieved: 0
12/23/2020 10:04:49 PM : __main__ : Getting apartment data from url_list
12/23/2020 10:04:49 PM : __main__ : Elapsed time: 0.0 minutes for function: ''get_all_apartments''
12/23/2020 10:04:49 PM : __main__ : Apartments retrieved: 0
12/23/2020 10:04:49 PM : __main__ : Creating DataFrame from apartment list
12/23/2020 10:04:49 PM : __main__ : Formatting Dataframe
12/23/2020 10:04:49 PM : __main__ : Converting Dataframe
12/23/2020 10:04:49 PM : __main__ : Saving scraped data to csv
12/23/2020 10:04:49 PM : __main__ : Getting URL list for Malden,MA
12/23/2020 10:04:49 PM : __main__ : Elapsed time: 0.0 minutes for function: ''get_url_list''
12/23/2020 10:04:49 PM : __main__ : URLs retrieved: 0
12/23/2020 10:04:49 PM : __main__ : Getting apartment data from url_list
12/23/2020 10:04:49 PM : __main__ : Elapsed time: 0.0 minutes for function: ''get_all_apartments''
12/23/2020 10:04:49 PM : __main__ : Apartments retrieved: 0
12/23/2020 10:04:49 PM : __main__ : Creating DataFrame from apartment list
12/23/2020 10:04:49 PM : __main__ : Formatting Dataframe
12/23/2020 10:04:49 PM : __main__ : Converting Dataframe
12/23/2020 10:04:49 PM : __main__ : Saving scraped data to csv
12/23/2020 10:04:49 PM : __main__ : Getting URL list for Everett,MA
12/23/2020 10:04:50 PM : __main__ : Elapsed time: 0.0 minutes for function: ''get_url_list''
12/23/2020 10:04:50 PM : __main__ : URLs retrieved: 0
12/23/2020 10:04:50 PM : __main__ : Getting apartment data from url_list
12/23/2020 10:04:50 PM : __main__ : Elapsed time: 0.0 minutes for function: ''get_all_apartments''
12/23/2020 10:04:50 PM : __main__ : Apartments retrieved: 0
12/23/2020 10:04:50 PM : __main__ : Creating DataFrame from apartment list
12/23/2020 10:04:50 PM : __main__ : Formatting Dataframe
12/23/2020 10:04:50 PM : __main__ : Converting Dataframe
12/23/2020 10:04:50 PM : __main__ : Saving scraped data to csv
12/23/2020 10:04:50 PM : __main__ : PROGRAM FINISHED
12/23/2020 10:04:50 PM : __main__ : Elapsed time: 0.16 minutes for function: ''main''
12/23/2020 10:06:25 PM : __main__ : PROGRAM STARTED
12/23/2020 10:06:25 PM : __main__ : Getting URL list for Boston,MA
12/23/2020 10:06:26 PM : __main__ : Elapsed time: 0.01 minutes for function: ''get_url_list''
12/23/2020 10:06:26 PM : __main__ : URLs retrieved: 0
12/23/2020 10:06:26 PM : __main__ : Getting apartment data from url_list
12/23/2020 10:06:26 PM : __main__ : Elapsed time: 0.0 minutes for function: ''get_all_apartments''
12/23/2020 10:06:26 PM : __main__ : Apartments retrieved: 0
12/23/2020 10:06:26 PM : __main__ : Creating DataFrame from apartment list
12/23/2020 10:06:26 PM : __main__ : Formatting Dataframe
12/23/2020 10:06:26 PM : __main__ : Converting Dataframe
12/23/2020 10:06:26 PM : __main__ : Saving scraped data to csv
12/23/2020 10:06:26 PM : __main__ : PROGRAM FINISHED
12/23/2020 10:06:26 PM : __main__ : Elapsed time: 0.01 minutes for function: ''main''
12/23/2020 10:06:58 PM : __main__ : PROGRAM STARTED
12/23/2020 10:06:58 PM : __main__ : Getting URL list for Boston,MA
12/23/2020 10:06:58 PM : __main__ : Elapsed time: 0.01 minutes for function: ''get_url_list''
12/23/2020 10:06:58 PM : __main__ : URLs retrieved: 0
12/23/2020 10:06:58 PM : __main__ : Getting apartment data from url_list
12/23/2020 10:06:58 PM : __main__ : Elapsed time: 0.0 minutes for function: ''get_all_apartments''
12/23/2020 10:06:58 PM : __main__ : Apartments retrieved: 0
12/23/2020 10:06:58 PM : __main__ : Creating DataFrame from apartment list
12/23/2020 10:06:58 PM : __main__ : Formatting Dataframe
12/23/2020 10:06:58 PM : __main__ : Converting Dataframe
12/23/2020 10:06:58 PM : __main__ : Saving scraped data to csv
12/23/2020 10:06:58 PM : __main__ : PROGRAM FINISHED
12/23/2020 10:06:58 PM : __main__ : Elapsed time: 0.01 minutes for function: ''main''
12/23/2020 10:08:31 PM : __main__ : PROGRAM STARTED
12/23/2020 10:08:31 PM : __main__ : Getting URL list for Boston,MA
12/23/2020 10:08:31 PM : __main__ : Elapsed time: 0.01 minutes for function: ''get_url_list''
12/23/2020 10:08:31 PM : __main__ : URLs retrieved: 0
12/23/2020 10:08:31 PM : __main__ : Getting apartment data from url_list
12/23/2020 10:08:31 PM : __main__ : Elapsed time: 0.0 minutes for function: ''get_all_apartments''
12/23/2020 10:08:31 PM : __main__ : Apartments retrieved: 0
12/23/2020 10:08:31 PM : __main__ : Creating DataFrame from apartment list
12/23/2020 10:08:31 PM : __main__ : Formatting Dataframe
12/23/2020 10:08:31 PM : __main__ : Converting Dataframe
12/23/2020 10:08:31 PM : __main__ : Saving scraped data to csv
12/23/2020 10:08:31 PM : __main__ : PROGRAM FINISHED
12/23/2020 10:08:31 PM : __main__ : Elapsed time: 0.01 minutes for function: ''main''
12/23/2020 10:09:00 PM : __main__ : PROGRAM STARTED
12/23/2020 10:09:00 PM : __main__ : Getting URL list for Boston,MA
12/23/2020 10:09:00 PM : __main__ : Elapsed time: 0.01 minutes for function: ''get_url_list''
12/23/2020 10:09:00 PM : __main__ : URLs retrieved: 0
12/23/2020 10:09:00 PM : __main__ : Getting apartment data from url_list
12/23/2020 10:09:00 PM : __main__ : Elapsed time: 0.0 minutes for function: ''get_all_apartments''
12/23/2020 10:09:00 PM : __main__ : Apartments retrieved: 0
12/23/2020 10:09:00 PM : __main__ : Creating DataFrame from apartment list
12/23/2020 10:09:00 PM : __main__ : Formatting Dataframe
12/23/2020 10:09:01 PM : __main__ : Converting Dataframe
12/23/2020 10:09:01 PM : __main__ : Saving scraped data to csv
12/23/2020 10:09:01 PM : __main__ : PROGRAM FINISHED
12/23/2020 10:09:01 PM : __main__ : Elapsed time: 0.01 minutes for function: ''main''
12/23/2020 10:09:39 PM : __main__ : PROGRAM STARTED
12/23/2020 10:09:39 PM : __main__ : Getting URL list for Boston,MA
12/23/2020 10:09:39 PM : __main__ : Elapsed time: 0.01 minutes for function: ''get_url_list''
12/23/2020 10:09:39 PM : __main__ : URLs retrieved: 0
12/23/2020 10:09:39 PM : __main__ : Getting apartment data from url_list
12/23/2020 10:09:39 PM : __main__ : Elapsed time: 0.0 minutes for function: ''get_all_apartments''
12/23/2020 10:09:39 PM : __main__ : Apartments retrieved: 0
12/23/2020 10:09:39 PM : __main__ : Creating DataFrame from apartment list
12/23/2020 10:09:39 PM : __main__ : Formatting Dataframe
12/23/2020 10:09:39 PM : __main__ : Converting Dataframe
12/23/2020 10:09:39 PM : __main__ : Saving scraped data to csv
12/23/2020 10:09:39 PM : __main__ : PROGRAM FINISHED
12/23/2020 10:09:39 PM : __main__ : Elapsed time: 0.01 minutes for function: ''main''
12/23/2020 10:11:18 PM : __main__ : PROGRAM STARTED
12/23/2020 10:11:18 PM : __main__ : Getting URL list for Boston,MA
12/23/2020 10:11:52 PM : __main__ : PROGRAM STARTED
12/23/2020 10:11:52 PM : __main__ : Getting URL list for Boston,MA
12/23/2020 10:11:52 PM : __main__ : Elapsed time: 0.01 minutes for function: ''get_url_list''
12/23/2020 10:11:52 PM : __main__ : URLs retrieved: 0
12/23/2020 10:11:52 PM : __main__ : Getting apartment data from url_list
12/23/2020 10:11:52 PM : __main__ : Elapsed time: 0.0 minutes for function: ''get_all_apartments''
12/23/2020 10:11:52 PM : __main__ : Apartments retrieved: 0
12/23/2020 10:11:52 PM : __main__ : Creating DataFrame from apartment list
12/23/2020 10:11:52 PM : __main__ : Formatting Dataframe
12/23/2020 10:11:52 PM : __main__ : Converting Dataframe
12/23/2020 10:11:52 PM : __main__ : Saving scraped data to csv
12/23/2020 10:11:52 PM : __main__ : PROGRAM FINISHED
12/23/2020 10:11:52 PM : __main__ : Elapsed time: 0.01 minutes for function: ''main''
12/23/2020 10:13:36 PM : __main__ : PROGRAM STARTED
12/23/2020 10:13:36 PM : __main__ : Getting URL list for Boston,MA
12/23/2020 10:13:36 PM : __main__ : Elapsed time: 0.01 minutes for function: ''get_url_list''
12/23/2020 10:13:36 PM : __main__ : URLs retrieved: 0
12/23/2020 10:13:36 PM : __main__ : Getting apartment data from url_list
12/23/2020 10:13:36 PM : __main__ : Elapsed time: 0.0 minutes for function: ''get_all_apartments''
12/23/2020 10:13:36 PM : __main__ : Apartments retrieved: 0
12/23/2020 10:13:36 PM : __main__ : Creating DataFrame from apartment list
12/23/2020 10:13:36 PM : __main__ : Formatting Dataframe
12/23/2020 10:13:36 PM : __main__ : Converting Dataframe
12/23/2020 10:13:36 PM : __main__ : Saving scraped data to csv
12/23/2020 10:13:36 PM : __main__ : PROGRAM FINISHED
12/23/2020 10:13:36 PM : __main__ : Elapsed time: 0.01 minutes for function: ''main''
12/23/2020 10:14:05 PM : __main__ : PROGRAM STARTED
12/23/2020 10:14:05 PM : __main__ : Getting URL list for Boston,MA
12/23/2020 10:14:05 PM : __main__ : Elapsed time: 0.01 minutes for function: ''get_url_list''
12/23/2020 10:14:05 PM : __main__ : URLs retrieved: 0
12/23/2020 10:14:05 PM : __main__ : Getting apartment data from url_list
12/23/2020 10:14:05 PM : __main__ : Elapsed time: 0.0 minutes for function: ''get_all_apartments''
12/23/2020 10:14:05 PM : __main__ : Apartments retrieved: 0
12/23/2020 10:14:05 PM : __main__ : Creating DataFrame from apartment list
12/23/2020 10:14:05 PM : __main__ : Formatting Dataframe
12/23/2020 10:14:05 PM : __main__ : Converting Dataframe
12/23/2020 10:14:05 PM : __main__ : Saving scraped data to csv
12/23/2020 10:14:05 PM : __main__ : PROGRAM FINISHED
12/23/2020 10:14:05 PM : __main__ : Elapsed time: 0.01 minutes for function: ''main''
12/23/2020 10:30:44 PM : __main__ : PROGRAM STARTED
12/23/2020 10:30:44 PM : __main__ : Getting URL list for Boston,MA
12/23/2020 10:30:45 PM : __main__ : Elapsed time: 0.01 minutes for function: ''get_url_list''
12/23/2020 10:30:45 PM : __main__ : URLs retrieved: 0
12/23/2020 10:30:45 PM : __main__ : Getting apartment data from url_list
12/23/2020 10:30:45 PM : __main__ : Elapsed time: 0.0 minutes for function: ''get_all_apartments''
12/23/2020 10:30:45 PM : __main__ : Apartments retrieved: 0
12/23/2020 10:30:45 PM : __main__ : Creating DataFrame from apartment list
12/23/2020 10:30:45 PM : __main__ : Formatting Dataframe
12/23/2020 10:30:45 PM : __main__ : Converting Dataframe
12/23/2020 10:30:45 PM : __main__ : Saving scraped data to csv
12/23/2020 10:30:45 PM : __main__ : PROGRAM FINISHED
12/23/2020 10:30:45 PM : __main__ : Elapsed time: 0.01 minutes for function: ''main''
12/23/2020 10:30:58 PM : __main__ : PROGRAM STARTED
12/23/2020 10:30:58 PM : __main__ : Getting URL list for Boston,MA
12/23/2020 10:30:59 PM : __main__ : Elapsed time: 0.01 minutes for function: ''get_url_list''
12/23/2020 10:30:59 PM : __main__ : URLs retrieved: 0
12/23/2020 10:30:59 PM : __main__ : Getting apartment data from url_list
12/23/2020 10:30:59 PM : __main__ : Elapsed time: 0.0 minutes for function: ''get_all_apartments''
12/23/2020 10:30:59 PM : __main__ : Apartments retrieved: 0
12/23/2020 10:30:59 PM : __main__ : Creating DataFrame from apartment list
12/23/2020 10:30:59 PM : __main__ : Formatting Dataframe
12/23/2020 10:30:59 PM : __main__ : Converting Dataframe
12/23/2020 10:30:59 PM : __main__ : Saving scraped data to csv
12/23/2020 10:30:59 PM : __main__ : PROGRAM FINISHED
12/23/2020 10:30:59 PM : __main__ : Elapsed time: 0.01 minutes for function: ''main''
12/23/2020 10:32:41 PM : __main__ : PROGRAM STARTED
12/23/2020 10:32:41 PM : __main__ : Getting URL list for Boston,MA
12/23/2020 10:32:42 PM : __main__ : Elapsed time: 0.01 minutes for function: ''get_url_list''
12/23/2020 10:32:42 PM : __main__ : URLs retrieved: 0
12/23/2020 10:32:42 PM : __main__ : Getting apartment data from url_list
12/23/2020 10:32:42 PM : __main__ : Elapsed time: 0.0 minutes for function: ''get_all_apartments''
12/23/2020 10:32:42 PM : __main__ : Apartments retrieved: 0
12/23/2020 10:32:42 PM : __main__ : Creating DataFrame from apartment list
12/23/2020 10:32:42 PM : __main__ : Formatting Dataframe
12/23/2020 10:32:42 PM : __main__ : Converting Dataframe
12/23/2020 10:32:42 PM : __main__ : Saving scraped data to csv
12/23/2020 10:32:42 PM : __main__ : PROGRAM FINISHED
12/23/2020 10:32:42 PM : __main__ : Elapsed time: 0.01 minutes for function: ''main''
12/23/2020 10:32:44 PM : __main__ : PROGRAM STARTED
12/23/2020 10:32:44 PM : __main__ : Getting URL list for Boston,MA
12/23/2020 10:32:45 PM : __main__ : Elapsed time: 0.01 minutes for function: ''get_url_list''
12/23/2020 10:32:45 PM : __main__ : URLs retrieved: 0
12/23/2020 10:32:45 PM : __main__ : Getting apartment data from url_list
12/23/2020 10:32:45 PM : __main__ : Elapsed time: 0.0 minutes for function: ''get_all_apartments''
12/23/2020 10:32:45 PM : __main__ : Apartments retrieved: 0
12/23/2020 10:32:45 PM : __main__ : Creating DataFrame from apartment list
12/23/2020 10:32:45 PM : __main__ : Formatting Dataframe
12/23/2020 10:32:45 PM : __main__ : Converting Dataframe
12/23/2020 10:32:45 PM : __main__ : Saving scraped data to csv
12/23/2020 10:32:45 PM : __main__ : PROGRAM FINISHED
12/23/2020 10:32:45 PM : __main__ : Elapsed time: 0.01 minutes for function: ''main''
12/23/2020 10:35:24 PM : __main__ : PROGRAM STARTED
12/23/2020 10:35:24 PM : __main__ : Getting URL list for Boston,MA
12/23/2020 10:35:24 PM : __main__ : Elapsed time: 0.01 minutes for function: ''get_url_list''
12/23/2020 10:35:24 PM : __main__ : URLs retrieved: 0
12/23/2020 10:35:24 PM : __main__ : Getting apartment data from url_list
12/23/2020 10:35:24 PM : __main__ : Elapsed time: 0.0 minutes for function: ''get_all_apartments''
12/23/2020 10:35:24 PM : __main__ : Apartments retrieved: 0
12/23/2020 10:35:24 PM : __main__ : Creating DataFrame from apartment list
12/23/2020 10:35:24 PM : __main__ : Formatting Dataframe
12/23/2020 10:35:24 PM : __main__ : Converting Dataframe
12/23/2020 10:35:24 PM : __main__ : Saving scraped data to csv
12/23/2020 10:35:24 PM : __main__ : PROGRAM FINISHED
12/23/2020 10:35:24 PM : __main__ : Elapsed time: 0.01 minutes for function: ''main''
12/23/2020 10:35:27 PM : __main__ : PROGRAM STARTED
12/23/2020 10:35:27 PM : __main__ : Getting URL list for Boston,MA
12/23/2020 10:35:27 PM : __main__ : Elapsed time: 0.01 minutes for function: ''get_url_list''
12/23/2020 10:35:27 PM : __main__ : URLs retrieved: 0
12/23/2020 10:35:27 PM : __main__ : Getting apartment data from url_list
12/23/2020 10:35:27 PM : __main__ : Elapsed time: 0.0 minutes for function: ''get_all_apartments''
12/23/2020 10:35:27 PM : __main__ : Apartments retrieved: 0
12/23/2020 10:35:27 PM : __main__ : Creating DataFrame from apartment list
12/23/2020 10:35:27 PM : __main__ : Formatting Dataframe
12/23/2020 10:35:27 PM : __main__ : Converting Dataframe
12/23/2020 10:35:27 PM : __main__ : Saving scraped data to csv
12/23/2020 10:35:27 PM : __main__ : PROGRAM FINISHED
12/23/2020 10:35:27 PM : __main__ : Elapsed time: 0.01 minutes for function: ''main''
12/23/2020 10:39:53 PM : __main__ : PROGRAM STARTED
12/23/2020 10:39:53 PM : __main__ : Getting URL list for Boston,MA
12/23/2020 10:39:53 PM : __main__ : Elapsed time: 0.01 minutes for function: ''get_url_list''
12/23/2020 10:39:53 PM : __main__ : URLs retrieved: 0
12/23/2020 10:39:53 PM : __main__ : Getting apartment data from url_list
12/23/2020 10:39:53 PM : __main__ : Elapsed time: 0.0 minutes for function: ''get_all_apartments''
12/23/2020 10:39:53 PM : __main__ : Apartments retrieved: 0
12/23/2020 10:39:53 PM : __main__ : Creating DataFrame from apartment list
12/23/2020 10:39:53 PM : __main__ : Formatting Dataframe
12/23/2020 10:39:53 PM : __main__ : Converting Dataframe
12/23/2020 10:39:53 PM : __main__ : Saving scraped data to csv
12/23/2020 10:39:53 PM : __main__ : PROGRAM FINISHED
12/23/2020 10:39:53 PM : __main__ : Elapsed time: 0.01 minutes for function: ''main''
12/23/2020 10:40:23 PM : __main__ : PROGRAM STARTED
12/23/2020 10:40:23 PM : __main__ : Getting URL list for Boston,MA
12/23/2020 10:40:23 PM : __main__ : Elapsed time: 0.01 minutes for function: ''get_url_list''
12/23/2020 10:40:23 PM : __main__ : URLs retrieved: 0
12/23/2020 10:40:23 PM : __main__ : Getting apartment data from url_list
12/23/2020 10:40:23 PM : __main__ : Elapsed time: 0.0 minutes for function: ''get_all_apartments''
12/23/2020 10:40:23 PM : __main__ : Apartments retrieved: 0
12/23/2020 10:40:23 PM : __main__ : Creating DataFrame from apartment list
12/23/2020 10:40:23 PM : __main__ : Formatting Dataframe
12/23/2020 10:40:24 PM : __main__ : Converting Dataframe
12/23/2020 10:40:24 PM : __main__ : Saving scraped data to csv
12/23/2020 10:40:24 PM : __main__ : PROGRAM FINISHED
12/23/2020 10:40:24 PM : __main__ : Elapsed time: 0.01 minutes for function: ''main''
12/23/2020 10:40:37 PM : __main__ : PROGRAM STARTED
12/23/2020 10:40:37 PM : __main__ : Getting URL list for Boston,MA
12/23/2020 10:40:37 PM : __main__ : Elapsed time: 0.01 minutes for function: ''get_url_list''
12/23/2020 10:40:37 PM : __main__ : URLs retrieved: 0
12/23/2020 10:40:37 PM : __main__ : Getting apartment data from url_list
12/23/2020 10:40:37 PM : __main__ : Elapsed time: 0.0 minutes for function: ''get_all_apartments''
12/23/2020 10:40:37 PM : __main__ : Apartments retrieved: 0
12/23/2020 10:40:37 PM : __main__ : Creating DataFrame from apartment list
12/23/2020 10:40:37 PM : __main__ : Formatting Dataframe
12/23/2020 10:40:37 PM : __main__ : Converting Dataframe
12/23/2020 10:40:37 PM : __main__ : Saving scraped data to csv
12/23/2020 10:40:37 PM : __main__ : PROGRAM FINISHED
12/23/2020 10:40:37 PM : __main__ : Elapsed time: 0.01 minutes for function: ''main''
12/23/2020 10:42:56 PM : __main__ : PROGRAM STARTED
12/23/2020 10:42:56 PM : __main__ : Getting URL list for Boston,MA
12/23/2020 10:42:57 PM : __main__ : Elapsed time: 0.01 minutes for function: ''get_url_list''
12/23/2020 10:42:57 PM : __main__ : URLs retrieved: 0
12/23/2020 10:42:57 PM : __main__ : Getting apartment data from url_list
12/23/2020 10:42:57 PM : __main__ : Elapsed time: 0.0 minutes for function: ''get_all_apartments''
12/23/2020 10:42:57 PM : __main__ : Apartments retrieved: 0
12/23/2020 10:42:57 PM : __main__ : Creating DataFrame from apartment list
12/23/2020 10:42:57 PM : __main__ : Formatting Dataframe
12/23/2020 10:42:57 PM : __main__ : Converting Dataframe
12/23/2020 10:42:57 PM : __main__ : Saving scraped data to csv
12/23/2020 10:42:57 PM : __main__ : PROGRAM FINISHED
12/23/2020 10:42:57 PM : __main__ : Elapsed time: 0.01 minutes for function: ''main''
12/23/2020 10:43:53 PM : __main__ : PROGRAM STARTED
12/23/2020 10:43:53 PM : __main__ : Getting URL list for Boston,MA
12/23/2020 10:43:53 PM : __main__ : Elapsed time: 0.01 minutes for function: ''get_url_list''
12/23/2020 10:43:53 PM : __main__ : URLs retrieved: 0
12/23/2020 10:43:53 PM : __main__ : Getting apartment data from url_list
12/23/2020 10:43:53 PM : __main__ : Elapsed time: 0.0 minutes for function: ''get_all_apartments''
12/23/2020 10:43:53 PM : __main__ : Apartments retrieved: 0
12/23/2020 10:43:53 PM : __main__ : Creating DataFrame from apartment list
12/23/2020 10:43:53 PM : __main__ : Formatting Dataframe
12/23/2020 10:43:53 PM : __main__ : Converting Dataframe
12/23/2020 10:43:53 PM : __main__ : Saving scraped data to csv
12/23/2020 10:43:53 PM : __main__ : PROGRAM FINISHED
12/23/2020 10:43:53 PM : __main__ : Elapsed time: 0.01 minutes for function: ''main''
12/23/2020 10:45:04 PM : __main__ : PROGRAM STARTED
12/23/2020 10:45:04 PM : __main__ : Getting URL list for Boston,MA
12/23/2020 10:45:04 PM : __main__ : Elapsed time: 0.01 minutes for function: ''get_url_list''
12/23/2020 10:45:04 PM : __main__ : URLs retrieved: 0
12/23/2020 10:45:04 PM : __main__ : Getting apartment data from url_list
12/23/2020 10:45:04 PM : __main__ : Elapsed time: 0.0 minutes for function: ''get_all_apartments''
12/23/2020 10:45:04 PM : __main__ : Apartments retrieved: 0
12/23/2020 10:45:04 PM : __main__ : Creating DataFrame from apartment list
12/23/2020 10:45:04 PM : __main__ : Formatting Dataframe
12/23/2020 10:45:04 PM : __main__ : Converting Dataframe
12/23/2020 10:45:04 PM : __main__ : Saving scraped data to csv
12/23/2020 10:45:04 PM : __main__ : PROGRAM FINISHED
12/23/2020 10:45:04 PM : __main__ : Elapsed time: 0.01 minutes for function: ''main''
12/24/2020 09:12:13 PM : __main__ : START SCRAPE: Woburn,MA
12/24/2020 09:12:16 PM : __main__ : Getting URL list
12/24/2020 09:12:31 PM : __main__ : URLs retrieved: 92
12/24/2020 09:12:31 PM : __main__ : Getting apartment data from url_list
12/24/2020 09:13:59 PM : __main__ : Apartments retrieved: 175
12/24/2020 09:13:59 PM : __main__ : FINISH SCRAPE: Woburn,MA
12/24/2020 09:13:59 PM : __main__ : Elapsed time: 1.75 minutes for function: ''main''
